<?xml version="1.0" encoding="UTF-8"?>
<testng-results ignored="0" total="1" passed="1" failed="0" skipped="0">
  <reporter-output>
  </reporter-output>
  <suite started-at="2024-01-23T22:21:15 GMT-08:00" name="Default suite" finished-at="2024-01-23T22:22:52 GMT-08:00" duration-ms="97013">
    <groups>
    </groups>
    <test started-at="2024-01-23T22:21:15 GMT-08:00" name="Default test" finished-at="2024-01-23T22:22:52 GMT-08:00" duration-ms="97013">
      <class name="CommonUtils.BaseClass">
        <test-method is-config="true" signature="bS()[pri:0, instance:CommonUtils.BaseClass@c730b35]" started-at="2024-01-23T22:21:15 GMT-08:00" name="bS" finished-at="2024-01-23T22:21:15 GMT-08:00" duration-ms="111" status="PASS">
          <reporter-output>
          </reporter-output>
        </test-method> <!-- bS -->
        <test-method is-config="true" signature="bC()[pri:0, instance:CommonUtils.BaseClass@c730b35]" started-at="2024-01-23T22:21:15 GMT-08:00" name="bC" finished-at="2024-01-23T22:22:08 GMT-08:00" duration-ms="52678" status="PASS">
          <reporter-output>
          </reporter-output>
        </test-method> <!-- bC -->
        <test-method is-config="true" signature="bM()[pri:0, instance:CommonUtils.BaseClass@c730b35]" started-at="2024-01-23T22:22:08 GMT-08:00" name="bM" finished-at="2024-01-23T22:22:19 GMT-08:00" duration-ms="10870" status="PASS">
          <reporter-output>
          </reporter-output>
        </test-method> <!-- bM -->
        <test-method signature="LeadTest()[pri:0, instance:CommonUtils.BaseClass@c730b35]" started-at="2024-01-23T22:22:19 GMT-08:00" name="LeadTest" finished-at="2024-01-23T22:22:46 GMT-08:00" duration-ms="27437" status="PASS">
          <reporter-output>
          </reporter-output>
        </test-method> <!-- LeadTest -->
        <test-method is-config="true" signature="aM()[pri:0, instance:CommonUtils.BaseClass@c730b35]" started-at="2024-01-23T22:22:46 GMT-08:00" name="aM" finished-at="2024-01-23T22:22:50 GMT-08:00" duration-ms="3972" status="PASS">
          <reporter-output>
          </reporter-output>
        </test-method> <!-- aM -->
        <test-method is-config="true" signature="aC()[pri:0, instance:CommonUtils.BaseClass@c730b35]" started-at="2024-01-23T22:22:50 GMT-08:00" name="aC" finished-at="2024-01-23T22:22:52 GMT-08:00" duration-ms="1930" status="PASS">
          <reporter-output>
          </reporter-output>
        </test-method> <!-- aC -->
        <test-method is-config="true" signature="aS()[pri:0, instance:CommonUtils.BaseClass@c730b35]" started-at="2024-01-23T22:22:54 GMT-08:00" name="aS" finished-at="2024-01-23T22:22:54 GMT-08:00" duration-ms="1" status="PASS">
          <reporter-output>
          </reporter-output>
        </test-method> <!-- aS -->
      </class> <!-- CommonUtils.BaseClass -->
    </test> <!-- Default test -->
  </suite> <!-- Default suite -->
</testng-results>
